Error: Cannot find module 'koa'
Require stack:
- /root/source/db-manager/src/app.js
- /root/source/db-manager/bin/www
    at Function.Module._resolveFilename (internal/modules/cjs/loader.js:965:15)
    at Module.Hook._require.Module.require (/usr/local/lib/node_modules/pm2/node_modules/require-in-the-middle/index.js:61:29)
    at require (internal/modules/cjs/helpers.js:72:18)
    at Object.<anonymous> (/root/source/db-manager/src/app.js:1:13)
    at Module._compile (internal/modules/cjs/loader.js:1137:30)
    at Object.Module._extensions..js (internal/modules/cjs/loader.js:1157:10)
    at Module.load (internal/modules/cjs/loader.js:985:32)
    at Function.Module._load (internal/modules/cjs/loader.js:878:14)
    at Module.require (internal/modules/cjs/loader.js:1025:19)
    at Module.Hook._require.Module.require (/usr/local/lib/node_modules/pm2/node_modules/require-in-the-middle/index.js:80:39)
Error: Cannot find module 'koa'
Require stack:
- /root/source/db-manager/src/app.js
- /root/source/db-manager/bin/www
    at Function.Module._resolveFilename (internal/modules/cjs/loader.js:965:15)
    at Module.Hook._require.Module.require (/usr/local/lib/node_modules/pm2/node_modules/require-in-the-middle/index.js:61:29)
    at require (internal/modules/cjs/helpers.js:72:18)
    at Object.<anonymous> (/root/source/db-manager/src/app.js:1:13)
    at Module._compile (internal/modules/cjs/loader.js:1137:30)
    at Object.Module._extensions..js (internal/modules/cjs/loader.js:1157:10)
    at Module.load (internal/modules/cjs/loader.js:985:32)
    at Function.Module._load (internal/modules/cjs/loader.js:878:14)
    at Module.require (internal/modules/cjs/loader.js:1025:19)
    at Module.Hook._require.Module.require (/usr/local/lib/node_modules/pm2/node_modules/require-in-the-middle/index.js:80:39)
Error: Cannot find module 'koa'
Require stack:
- /root/source/db-manager/src/app.js
- /root/source/db-manager/bin/www
    at Function.Module._resolveFilename (internal/modules/cjs/loader.js:965:15)
    at Module.Hook._require.Module.require (/usr/local/lib/node_modules/pm2/node_modules/require-in-the-middle/index.js:61:29)
    at require (internal/modules/cjs/helpers.js:72:18)
    at Object.<anonymous> (/root/source/db-manager/src/app.js:1:13)
    at Module._compile (internal/modules/cjs/loader.js:1137:30)
    at Object.Module._extensions..js (internal/modules/cjs/loader.js:1157:10)
    at Module.load (internal/modules/cjs/loader.js:985:32)
    at Function.Module._load (internal/modules/cjs/loader.js:878:14)
    at Module.require (internal/modules/cjs/loader.js:1025:19)
    at Module.Hook._require.Module.require (/usr/local/lib/node_modules/pm2/node_modules/require-in-the-middle/index.js:80:39)
Error: Cannot find module 'koa'
Require stack:
- /root/source/db-manager/src/app.js
- /root/source/db-manager/bin/www
    at Function.Module._resolveFilename (internal/modules/cjs/loader.js:965:15)
    at Module.Hook._require.Module.require (/usr/local/lib/node_modules/pm2/node_modules/require-in-the-middle/index.js:61:29)
    at require (internal/modules/cjs/helpers.js:72:18)
    at Object.<anonymous> (/root/source/db-manager/src/app.js:1:13)
    at Module._compile (internal/modules/cjs/loader.js:1137:30)
    at Object.Module._extensions..js (internal/modules/cjs/loader.js:1157:10)
    at Module.load (internal/modules/cjs/loader.js:985:32)
    at Function.Module._load (internal/modules/cjs/loader.js:878:14)
    at Module.require (internal/modules/cjs/loader.js:1025:19)
    at Module.Hook._require.Module.require (/usr/local/lib/node_modules/pm2/node_modules/require-in-the-middle/index.js:80:39)
Error: Cannot find module 'koa'
Require stack:
- /root/source/db-manager/src/app.js
- /root/source/db-manager/bin/www
    at Function.Module._resolveFilename (internal/modules/cjs/loader.js:965:15)
    at Module.Hook._require.Module.require (/usr/local/lib/node_modules/pm2/node_modules/require-in-the-middle/index.js:61:29)
    at require (internal/modules/cjs/helpers.js:72:18)
    at Object.<anonymous> (/root/source/db-manager/src/app.js:1:13)
    at Module._compile (internal/modules/cjs/loader.js:1137:30)
    at Object.Module._extensions..js (internal/modules/cjs/loader.js:1157:10)
    at Module.load (internal/modules/cjs/loader.js:985:32)
    at Function.Module._load (internal/modules/cjs/loader.js:878:14)
    at Module.require (internal/modules/cjs/loader.js:1025:19)
    at Module.Hook._require.Module.require (/usr/local/lib/node_modules/pm2/node_modules/require-in-the-middle/index.js:80:39)
Error: Cannot find module 'koa'
Require stack:
- /root/source/db-manager/src/app.js
- /root/source/db-manager/bin/www
    at Function.Module._resolveFilename (internal/modules/cjs/loader.js:965:15)
    at Module.Hook._require.Module.require (/usr/local/lib/node_modules/pm2/node_modules/require-in-the-middle/index.js:61:29)
    at require (internal/modules/cjs/helpers.js:72:18)
    at Object.<anonymous> (/root/source/db-manager/src/app.js:1:13)
    at Module._compile (internal/modules/cjs/loader.js:1137:30)
    at Object.Module._extensions..js (internal/modules/cjs/loader.js:1157:10)
    at Module.load (internal/modules/cjs/loader.js:985:32)
    at Function.Module._load (internal/modules/cjs/loader.js:878:14)
    at Module.require (internal/modules/cjs/loader.js:1025:19)
    at Module.Hook._require.Module.require (/usr/local/lib/node_modules/pm2/node_modules/require-in-the-middle/index.js:80:39)
Error: Cannot find module 'koa'
Require stack:
- /root/source/db-manager/src/app.js
- /root/source/db-manager/bin/www
    at Function.Module._resolveFilename (internal/modules/cjs/loader.js:965:15)
    at Module.Hook._require.Module.require (/usr/local/lib/node_modules/pm2/node_modules/require-in-the-middle/index.js:61:29)
    at require (internal/modules/cjs/helpers.js:72:18)
    at Object.<anonymous> (/root/source/db-manager/src/app.js:1:13)
    at Module._compile (internal/modules/cjs/loader.js:1137:30)
    at Object.Module._extensions..js (internal/modules/cjs/loader.js:1157:10)
    at Module.load (internal/modules/cjs/loader.js:985:32)
    at Function.Module._load (internal/modules/cjs/loader.js:878:14)
    at Module.require (internal/modules/cjs/loader.js:1025:19)
    at Module.Hook._require.Module.require (/usr/local/lib/node_modules/pm2/node_modules/require-in-the-middle/index.js:80:39)
Error: Cannot find module 'koa'
Require stack:
- /root/source/db-manager/src/app.js
- /root/source/db-manager/bin/www
    at Function.Module._resolveFilename (internal/modules/cjs/loader.js:965:15)
    at Module.Hook._require.Module.require (/usr/local/lib/node_modules/pm2/node_modules/require-in-the-middle/index.js:61:29)
    at require (internal/modules/cjs/helpers.js:72:18)
    at Object.<anonymous> (/root/source/db-manager/src/app.js:1:13)
    at Module._compile (internal/modules/cjs/loader.js:1137:30)
    at Object.Module._extensions..js (internal/modules/cjs/loader.js:1157:10)
    at Module.load (internal/modules/cjs/loader.js:985:32)
    at Function.Module._load (internal/modules/cjs/loader.js:878:14)
    at Module.require (internal/modules/cjs/loader.js:1025:19)
    at Module.Hook._require.Module.require (/usr/local/lib/node_modules/pm2/node_modules/require-in-the-middle/index.js:80:39)
Error: Cannot find module 'koa'
Require stack:
- /root/source/db-manager/src/app.js
- /root/source/db-manager/bin/www
    at Function.Module._resolveFilename (internal/modules/cjs/loader.js:965:15)
    at Module.Hook._require.Module.require (/usr/local/lib/node_modules/pm2/node_modules/require-in-the-middle/index.js:61:29)
    at require (internal/modules/cjs/helpers.js:72:18)
    at Object.<anonymous> (/root/source/db-manager/src/app.js:1:13)
    at Module._compile (internal/modules/cjs/loader.js:1137:30)
    at Object.Module._extensions..js (internal/modules/cjs/loader.js:1157:10)
    at Module.load (internal/modules/cjs/loader.js:985:32)
    at Function.Module._load (internal/modules/cjs/loader.js:878:14)
    at Module.require (internal/modules/cjs/loader.js:1025:19)
    at Module.Hook._require.Module.require (/usr/local/lib/node_modules/pm2/node_modules/require-in-the-middle/index.js:80:39)
Error: Cannot find module 'koa'
Require stack:
- /root/source/db-manager/src/app.js
- /root/source/db-manager/bin/www
    at Function.Module._resolveFilename (internal/modules/cjs/loader.js:965:15)
    at Module.Hook._require.Module.require (/usr/local/lib/node_modules/pm2/node_modules/require-in-the-middle/index.js:61:29)
    at require (internal/modules/cjs/helpers.js:72:18)
    at Object.<anonymous> (/root/source/db-manager/src/app.js:1:13)
    at Module._compile (internal/modules/cjs/loader.js:1137:30)
    at Object.Module._extensions..js (internal/modules/cjs/loader.js:1157:10)
    at Module.load (internal/modules/cjs/loader.js:985:32)
    at Function.Module._load (internal/modules/cjs/loader.js:878:14)
    at Module.require (internal/modules/cjs/loader.js:1025:19)
    at Module.Hook._require.Module.require (/usr/local/lib/node_modules/pm2/node_modules/require-in-the-middle/index.js:80:39)
Error: Cannot find module 'koa'
Require stack:
- /root/source/db-manager/src/app.js
- /root/source/db-manager/bin/www
    at Function.Module._resolveFilename (internal/modules/cjs/loader.js:965:15)
    at Module.Hook._require.Module.require (/usr/local/lib/node_modules/pm2/node_modules/require-in-the-middle/index.js:61:29)
    at require (internal/modules/cjs/helpers.js:72:18)
    at Object.<anonymous> (/root/source/db-manager/src/app.js:1:13)
    at Module._compile (internal/modules/cjs/loader.js:1137:30)
    at Object.Module._extensions..js (internal/modules/cjs/loader.js:1157:10)
    at Module.load (internal/modules/cjs/loader.js:985:32)
    at Function.Module._load (internal/modules/cjs/loader.js:878:14)
    at Module.require (internal/modules/cjs/loader.js:1025:19)
    at Module.Hook._require.Module.require (/usr/local/lib/node_modules/pm2/node_modules/require-in-the-middle/index.js:80:39)
Error: Cannot find module 'koa'
Require stack:
- /root/source/db-manager/src/app.js
- /root/source/db-manager/bin/www
    at Function.Module._resolveFilename (internal/modules/cjs/loader.js:965:15)
    at Module.Hook._require.Module.require (/usr/local/lib/node_modules/pm2/node_modules/require-in-the-middle/index.js:61:29)
    at require (internal/modules/cjs/helpers.js:72:18)
    at Object.<anonymous> (/root/source/db-manager/src/app.js:1:13)
    at Module._compile (internal/modules/cjs/loader.js:1137:30)
    at Object.Module._extensions..js (internal/modules/cjs/loader.js:1157:10)
    at Module.load (internal/modules/cjs/loader.js:985:32)
    at Function.Module._load (internal/modules/cjs/loader.js:878:14)
    at Module.require (internal/modules/cjs/loader.js:1025:19)
    at Module.Hook._require.Module.require (/usr/local/lib/node_modules/pm2/node_modules/require-in-the-middle/index.js:80:39)
Error: Cannot find module 'koa'
Require stack:
- /root/source/db-manager/src/app.js
- /root/source/db-manager/bin/www
    at Function.Module._resolveFilename (internal/modules/cjs/loader.js:965:15)
    at Module.Hook._require.Module.require (/usr/local/lib/node_modules/pm2/node_modules/require-in-the-middle/index.js:61:29)
    at require (internal/modules/cjs/helpers.js:72:18)
    at Object.<anonymous> (/root/source/db-manager/src/app.js:1:13)
    at Module._compile (internal/modules/cjs/loader.js:1137:30)
    at Object.Module._extensions..js (internal/modules/cjs/loader.js:1157:10)
    at Module.load (internal/modules/cjs/loader.js:985:32)
    at Function.Module._load (internal/modules/cjs/loader.js:878:14)
    at Module.require (internal/modules/cjs/loader.js:1025:19)
    at Module.Hook._require.Module.require (/usr/local/lib/node_modules/pm2/node_modules/require-in-the-middle/index.js:80:39)
Error: Cannot find module 'koa'
Require stack:
- /root/source/db-manager/src/app.js
- /root/source/db-manager/bin/www
    at Function.Module._resolveFilename (internal/modules/cjs/loader.js:965:15)
    at Module.Hook._require.Module.require (/usr/local/lib/node_modules/pm2/node_modules/require-in-the-middle/index.js:61:29)
    at require (internal/modules/cjs/helpers.js:72:18)
    at Object.<anonymous> (/root/source/db-manager/src/app.js:1:13)
    at Module._compile (internal/modules/cjs/loader.js:1137:30)
    at Object.Module._extensions..js (internal/modules/cjs/loader.js:1157:10)
    at Module.load (internal/modules/cjs/loader.js:985:32)
    at Function.Module._load (internal/modules/cjs/loader.js:878:14)
    at Module.require (internal/modules/cjs/loader.js:1025:19)
    at Module.Hook._require.Module.require (/usr/local/lib/node_modules/pm2/node_modules/require-in-the-middle/index.js:80:39)
Error: Cannot find module 'koa'
Require stack:
- /root/source/db-manager/src/app.js
- /root/source/db-manager/bin/www
    at Function.Module._resolveFilename (internal/modules/cjs/loader.js:965:15)
    at Module.Hook._require.Module.require (/usr/local/lib/node_modules/pm2/node_modules/require-in-the-middle/index.js:61:29)
    at require (internal/modules/cjs/helpers.js:72:18)
    at Object.<anonymous> (/root/source/db-manager/src/app.js:1:13)
    at Module._compile (internal/modules/cjs/loader.js:1137:30)
    at Object.Module._extensions..js (internal/modules/cjs/loader.js:1157:10)
    at Module.load (internal/modules/cjs/loader.js:985:32)
    at Function.Module._load (internal/modules/cjs/loader.js:878:14)
    at Module.require (internal/modules/cjs/loader.js:1025:19)
    at Module.Hook._require.Module.require (/usr/local/lib/node_modules/pm2/node_modules/require-in-the-middle/index.js:80:39)
2021-11-19 16:59:13: /usr/bin/bash: line 1: cross-env: command not found
2021-11-19 16:59:13: /usr/bin/bash: line 1: cross-env: command not found
2021-11-19 16:59:13: /usr/bin/bash: line 1: cross-env: command not found
2021-11-19 16:59:13: /usr/bin/bash: line 1: cross-env: command not found
2021-11-19 16:59:13: /usr/bin/bash: line 1: cross-env: command not found
2021-11-19 16:59:13: /usr/bin/bash: line 1: cross-env: command not found
2021-11-19 16:59:13: /usr/bin/bash: line 1: cross-env: command not found
2021-11-19 16:59:13: /usr/bin/bash: line 1: cross-env: command not found
2021-11-19 16:59:13: /usr/bin/bash: line 1: cross-env: command not found
2021-11-19 16:59:13: /usr/bin/bash: line 1: cross-env: command not found
2021-11-19 16:59:13: /usr/bin/bash: line 1: cross-env: command not found
2021-11-19 16:59:13: /usr/bin/bash: line 1: cross-env: command not found
2021-11-19 16:59:13: /usr/bin/bash: line 1: cross-env: command not found
2021-11-19 16:59:13: /usr/bin/bash: line 1: cross-env: command not found
2021-11-19 16:59:13: /usr/bin/bash: line 1: cross-env: command not found
2021-11-19 16:59:13: /usr/bin/bash: line 1: cross-env: command not found
2021-11-19 16:59:52: /usr/bin/bash: line 1: cross-env: command not found
2021-11-19 16:59:52: /usr/bin/bash: line 1: cross-env: command not found
2021-11-19 16:59:52: /usr/bin/bash: line 1: cross-env: command not found
2021-11-19 16:59:52: /usr/bin/bash: line 1: cross-env: command not found
2021-11-19 16:59:52: /usr/bin/bash: line 1: cross-env: command not found
2021-11-19 16:59:52: /usr/bin/bash: line 1: cross-env: command not found
2021-11-19 16:59:52: /usr/bin/bash: line 1: cross-env: command not found
2021-11-19 16:59:52: /usr/bin/bash: line 1: cross-env: command not found
2021-11-19 16:59:52: /usr/bin/bash: line 1: cross-env: command not found
2021-11-19 16:59:52: /usr/bin/bash: line 1: cross-env: command not found
2021-11-19 16:59:52: /usr/bin/bash: line 1: cross-env: command not found
2021-11-19 16:59:52: /usr/bin/bash: line 1: cross-env: command not found
2021-11-19 16:59:52: /usr/bin/bash: line 1: cross-env: command not found
2021-11-19 16:59:52: /usr/bin/bash: line 1: cross-env: command not found
2021-11-19 16:59:52: /usr/bin/bash: line 1: cross-env: command not found
2021-11-19 16:59:52: /usr/bin/bash: line 1: cross-env: command not found
2021-11-19 16:59:54: /usr/bin/bash: line 1: cross-env: command not found
2021-11-19 16:59:54: /usr/bin/bash: line 1: cross-env: command not found
2021-11-19 16:59:55: /usr/bin/bash: line 1: cross-env: command not found
2021-11-19 16:59:55: /usr/bin/bash: line 1: cross-env: command not found
2021-11-19 16:59:55: /usr/bin/bash: line 1: cross-env: command not found
2021-11-19 16:59:55: /usr/bin/bash: line 1: cross-env: command not found
2021-11-19 16:59:55: /usr/bin/bash: line 1: cross-env: command not found
2021-11-19 16:59:55: /usr/bin/bash: line 1: cross-env: command not found
2021-11-19 16:59:55: /usr/bin/bash: line 1: cross-env: command not found
2021-11-19 16:59:55: /usr/bin/bash: line 1: cross-env: command not found
2021-11-19 16:59:55: /usr/bin/bash: line 1: cross-env: command not found
2021-11-19 16:59:55: /usr/bin/bash: line 1: cross-env: command not found
2021-11-19 16:59:55: /usr/bin/bash: line 1: cross-env: command not found
2021-11-19 16:59:55: /usr/bin/bash: line 1: cross-env: command not found
2021-11-19 16:59:55: /usr/bin/bash: line 1: cross-env: command not found
2021-11-19 16:59:55: /usr/bin/bash: line 1: cross-env: command not found
2021-11-19 16:59:56: /usr/bin/bash: line 1: cross-env: command not found
2021-11-19 16:59:56: /usr/bin/bash: line 1: cross-env: command not found
2021-11-19 16:59:56: /usr/bin/bash: line 1: cross-env: command not found
2021-11-19 16:59:56: /usr/bin/bash: line 1: cross-env: command not found
2021-11-19 16:59:56: /usr/bin/bash: line 1: cross-env: command not found
2021-11-19 16:59:56: /usr/bin/bash: line 1: cross-env: command not found
2021-11-19 16:59:56: /usr/bin/bash: line 1: cross-env: command not found
2021-11-19 16:59:56: /usr/bin/bash: line 1: cross-env: command not found
2021-11-19 16:59:56: /usr/bin/bash: line 1: cross-env: command not found
2021-11-19 16:59:56: /usr/bin/bash: line 1: cross-env: command not found
2021-11-19 16:59:56: /usr/bin/bash: line 1: cross-env: command not found
2021-11-19 16:59:56: /usr/bin/bash: line 1: cross-env: command not found
2021-11-19 16:59:56: /usr/bin/bash: line 1: cross-env: command not found
2021-11-19 16:59:56: /usr/bin/bash: line 1: cross-env: command not found
2021-11-19 16:59:56: /usr/bin/bash: line 1: cross-env: command not found
2021-11-19 16:59:56: /usr/bin/bash: line 1: cross-env: command not found
2021-11-19 17:00:15: /usr/bin/bash: line 1: cross-env: command not found
2021-11-19 17:00:15: /usr/bin/bash: line 1: cross-env: command not found
2021-11-19 17:00:15: /usr/bin/bash: line 1: cross-env: command not found
2021-11-19 17:00:15: /usr/bin/bash: line 1: cross-env: command not found
2021-11-19 17:00:15: /usr/bin/bash: line 1: cross-env: command not found
2021-11-19 17:00:15: /usr/bin/bash: line 1: cross-env: command not found
2021-11-19 17:00:15: /usr/bin/bash: line 1: cross-env: command not found
2021-11-19 17:00:15: /usr/bin/bash: line 1: cross-env: command not found
2021-11-19 17:00:15: /usr/bin/bash: line 1: cross-env: command not found
2021-11-19 17:00:15: /usr/bin/bash: line 1: cross-env: command not found
2021-11-19 17:00:15: /usr/bin/bash: line 1: cross-env: command not found
2021-11-19 17:00:15: /usr/bin/bash: line 1: cross-env: command not found
2021-11-19 17:00:15: /usr/bin/bash: line 1: cross-env: command not found
2021-11-19 17:00:15: /usr/bin/bash: line 1: cross-env: command not found
2021-11-19 17:00:15: /usr/bin/bash: line 1: cross-env: command not found
2021-11-19 17:00:15: /usr/bin/bash: line 1: cross-env: command not found
