2021-11-19 17:00:21: 
2021-11-19 17:00:21: > koa2-weibo-learn@0.1.0 prd
2021-11-19 17:00:21: > cross-env NODE_ENV=dev nodemon bin/www
2021-11-19 17:00:21: 
2021-11-19 17:00:21: [33m[nodemon] 1.19.4[39m
2021-11-19 17:00:21: [33m[nodemon] to restart at any time, enter `rs`[39m
2021-11-19 17:00:21: [33m[nodemon] watching dir(s): *.*[39m
2021-11-19 17:00:21: [33m[nodemon] watching extensions: js,mjs,json[39m
2021-11-19 17:00:21: [32m[nodemon] starting `node bin/www`[39m
2021-11-19 17:00:26: Executing (default): SELECT 1+1 AS result
2021-11-19 17:00:26: ok
2021-12-02 18:15:10: Executing (default): SELECT 1+1 AS result
2021-12-02 18:15:10:   <-- GET /
2021-12-02 18:15:10: ok
2021-12-02 18:15:10:   --> GET / 404 19ms -
2021-12-02 18:15:10:   <-- GET /favicon.ico
2021-12-02 18:15:10:   --> GET /favicon.ico 404 2ms -
2021-12-02 18:15:36:   <-- GET /
2021-12-02 18:15:36:   --> GET / 404 6ms -
2021-12-02 18:15:41:   <-- GET /
2021-12-02 18:15:41:   --> GET / 404 2ms -
2021-12-02 18:15:45:   <-- GET /new
2021-12-02 18:15:45:   --> GET /new 200 21ms 2.87kb
